<?xml version="1.0" encoding="UTF-8"?>
<!-- Generated by org.testng.reporters.JUnitXMLReporter -->
<testsuite hostname="DESKTOP-84DS5LH" ignored="0" name="Default test" tests="4" failures="0" timestamp="15 Dec 2019 03:30:05 GMT" time="0.05" errors="0">
  <testcase name="div" time="0.014" classname="com.qa.tests.DemoTest"/>
  <testcase name="multi" time="0.002" classname="com.qa.tests.DemoTest"/>
  <testcase name="sub" time="0.001" classname="com.qa.tests.DemoTest"/>
  <testcase name="sum" time="0.001" classname="com.qa.tests.DemoTest"/>
</testsuite> <!-- Default test -->
